I 1 22405.673316500
L 0 2 0 0.000225900 140736634912928 8
E 0 3 0 0.000231600 0 8
L 0 4 0 0.000233000 197 8
L 0 5 0 0.000239000 195 8
L 0 6 0 0.000240300 197 8
L 0 7 0 0.000241000 197 8
L 0 8 0 0.000408200 140736635008928 8
E 0 9 0 0.000409300 0 8
L 0 10 0 0.000410100 2443 8
L 0 11 0 0.000449000 335 8
L 0 12 0 0.000460100 8 8
L 0 13 0 0.000461700 5 8
L 0 14 0 0.000462500 5 8
L 0 15 0 0.000463200 5 8
L 0 16 0 0.000757500 139682020436368 8
E 0 17 0 0.000761300 0 8
L 0 18 0 0.000762700 4117 8
L 0 19 0 0.000835400 3084 8
L 0 20 0 0.000860400 3664 8
L 0 21 0 0.000868900 4075 8
L 0 22 0 0.000871200 4079 8
L 0 23 0 0.000872200 4079 8
L 0 24 0 0.000873400 4079 8
L 0 25 0 0.002035000 139682020413328 8
E 0 26 0 0.002036100 0 8
L 0 27 0 0.002037000 47920 8
L 0 28 0 0.002180200 48773 8
L 0 29 0 0.002195900 48307 8
L 0 30 0 0.002202800 48138 8
L 0 31 0 0.002206200 48283 8
L 0 32 0 0.002207600 48283 8
L 0 33 0 0.004525500 139682020433680 8
E 0 34 0 0.004527100 0 8
L 0 35 0 0.004528000 33126 8
L 0 36 0 0.005179700 16496 8
L 0 37 0 0.005443200 28569 8
L 0 38 0 0.005543300 30693 8
L 0 39 0 0.005579800 30183 8
L 0 40 0 0.005592600 30261 8
L 0 41 0 0.005596000 30234 8
L 0 42 0 0.005597200 30239 8
L 0 43 0 0.005597900 30239 8
L 0 44 0 0.005598800 30236 8
L 0 45 0 0.005599400 30236 8
L 0 46 0 0.017223000 139682020399888 8
E 0 47 0 0.017228400 0 8
L 0 48 0 0.017230600 302738 8
L 0 49 0 0.020784800 490168 8
L 0 50 0 0.021382500 499961 8
L 0 51 0 0.021405900 499988 8
L 0 52 0 0.021407000 499998 8
L 0 53 0 0.021407800 499999 8
L 0 54 0 0.021409900 499998 8
L 0 55 0 0.044746900 139682020406800 8
E 0 56 0 0.044752400 0 8
L 0 57 0 0.044754800 152068 8
L 0 58 0 0.049178400 141466 8
L 0 59 0 0.049691800 151942 8
L 0 60 0 0.049718600 152005 8
L 0 61 0 0.049720500 152042 8
L 0 62 0 0.049721600 152023 8
L 0 63 0 0.049723100 152021 8
L 0 64 0 0.049723900 152021 8
F 65 22405.724586100 0.051269600
